Unity Editor version:    2021.3.18f1 (3129e69bc0c7)
Branch:                  2021.3/staging
Build type:              Release
Batch mode:              YES
macOS version:           Version 13.2 (Build 22D49)
Darwin version:          22.3.0
Architecture:            arm64
Running under Rosetta:   NO
Available memory:        16384 MB
Using pre-set license
Pro License: YES

COMMAND LINE ARGUMENTS:
/Applications/Unity/Hub/Editor/2021.3.18f1/Unity.app/Contents/MacOS/Unity
-adb2
-batchMode
-noUpm
-name
AssetImportWorker1
-projectPath
/Users/danielmunoz/Escape-AI/prueba/New Unity Project
-logFile
Logs/AssetImportWorker1.log
-srvPort
53389
Successfully changed project path to: /Users/danielmunoz/Escape-AI/prueba/New Unity Project
/Users/danielmunoz/Escape-AI/prueba/New Unity Project
[UnityMemory] Configuration Parameters - Can be set up in boot.config
    "memorysetup-bucket-allocator-granularity=16"
    "memorysetup-bucket-allocator-bucket-count=8"
    "memorysetup-bucket-allocator-block-size=33554432"
    "memorysetup-bucket-allocator-block-count=8"
    "memorysetup-main-allocator-block-size=16777216"
    "memorysetup-thread-allocator-block-size=16777216"
    "memorysetup-gfx-main-allocator-block-size=16777216"
    "memorysetup-gfx-thread-allocator-block-size=16777216"
    "memorysetup-cache-allocator-block-size=4194304"
    "memorysetup-typetree-allocator-block-size=2097152"
    "memorysetup-profiler-bucket-allocator-granularity=16"
    "memorysetup-profiler-bucket-allocator-bucket-count=8"
    "memorysetup-profiler-bucket-allocator-block-size=33554432"
    "memorysetup-profiler-bucket-allocator-block-count=8"
    "memorysetup-profiler-allocator-block-size=16777216"
    "memorysetup-profiler-editor-allocator-block-size=1048576"
    "memorysetup-temp-allocator-size-main=16777216"
    "memorysetup-job-temp-allocator-block-size=2097152"
    "memorysetup-job-temp-allocator-block-size-background=1048576"
    "memorysetup-job-temp-allocator-reduction-small-platforms=262144"
    "memorysetup-temp-allocator-size-background-worker=32768"
    "memorysetup-temp-allocator-size-job-worker=262144"
    "memorysetup-temp-allocator-size-preload-manager=33554432"
    "memorysetup-temp-allocator-size-nav-mesh-worker=65536"
    "memorysetup-temp-allocator-size-audio-worker=65536"
    "memorysetup-temp-allocator-size-cloud-worker=32768"
    "memorysetup-temp-allocator-size-gi-baking-worker=262144"
    "memorysetup-temp-allocator-size-gfx=262144"
Player connection [8185381120] Host "[IP] 10.43.86.138 [Port] 0 [Flags] 2 [Guid] 3491127925 [EditorId] 3491127925 [Version] 1048832 [Id] OSXEditor(0,MacBook-Pro-de-Juan-6.local) [Debug] 1 [PackageName] OSXEditor [ProjectName] Editor" joined multi-casting on [225.0.0.222:54997]...

Player connection [8185381120] Host "[IP] 10.43.86.138 [Port] 0 [Flags] 2 [Guid] 3491127925 [EditorId] 3491127925 [Version] 1048832 [Id] OSXEditor(0,MacBook-Pro-de-Juan-6.local) [Debug] 1 [PackageName] OSXEditor [ProjectName] Editor" joined alternative multi-casting on [225.0.0.222:34997]...

Refreshing native plugins compatible for Editor in 51.96 ms, found 2 plugins.
Preloading 0 native plugins for Editor in 0.00 ms.
Initialize engine version: 2021.3.18f1 (3129e69bc0c7)
[Subsystems] Discovering subsystems at path /Applications/Unity/Hub/Editor/2021.3.18f1/Unity.app/Contents/Resources/UnitySubsystems
[Subsystems] Discovering subsystems at path /Users/danielmunoz/Escape-AI/prueba/New Unity Project/Assets
GfxDevice: creating device client; threaded=0; jobified=0
 preferred device: Apple M1 Pro (high power)
Metal devices available: 1
0: Apple M1 Pro (high power)
Using device Apple M1 Pro (high power)
Initializing Metal device caps: Apple M1 Pro
Initialize mono
Mono path[0] = '/Applications/Unity/Hub/Editor/2021.3.18f1/Unity.app/Contents/Managed'
Mono path[1] = '/Applications/Unity/Hub/Editor/2021.3.18f1/Unity.app/Contents/MonoBleedingEdge/lib/mono/unityjit-macos'
Mono config path = '/Applications/Unity/Hub/Editor/2021.3.18f1/Unity.app/Contents/MonoBleedingEdge/etc'
Using monoOptions --debugger-agent=transport=dt_socket,embedding=1,server=y,suspend=n,address=127.0.0.1:56471
Begin MonoManager ReloadAssembly
Registering precompiled unity dll's ...
Register platform support module: /Applications/Unity/Hub/Editor/2021.3.18f1/Unity.app/Contents/PlaybackEngines/MacStandaloneSupport/UnityEditor.OSXStandalone.Extensions.dll
Registered in 0.000806 seconds.
Native extension for OSXStandalone target not found
Refreshing native plugins compatible for Editor in 52.58 ms, found 2 plugins.
Preloading 0 native plugins for Editor in 0.00 ms.
Mono: successfully reloaded assembly
- Completed reload, in  0.364 seconds
Domain Reload Profiling:
	ReloadAssembly (365ms)
		BeginReloadAssembly (48ms)
			ExecutionOrderSort (0ms)
			DisableScriptedObjects (0ms)
			BackupInstance (0ms)
			ReleaseScriptingObjects (0ms)
			CreateAndSetChildDomain (0ms)
		EndReloadAssembly (258ms)
			LoadAssemblies (48ms)
			RebuildTransferFunctionScriptingTraits (0ms)
			SetupTypeCache (60ms)
			ReleaseScriptCaches (0ms)
			RebuildScriptCaches (18ms)
			SetupLoadedEditorAssemblies (155ms)
				LogAssemblyErrors (0ms)
				InitializePlatformSupportModulesInManaged (3ms)
				SetLoadedEditorAssemblies (0ms)
				RefreshPlugins (53ms)
				BeforeProcessingInitializeOnLoad (1ms)
				ProcessInitializeOnLoadAttributes (75ms)
				ProcessInitializeOnLoadMethodAttributes (23ms)
				AfterProcessingInitializeOnLoad (0ms)
				EditorAssembliesLoaded (0ms)
			ExecutionOrderSort2 (0ms)
			AwakeInstancesAfterBackupRestoration (0ms)
Platform modules already initialized, skipping
Registering precompiled user dll's ...
Registered in 0.001426 seconds.
Begin MonoManager ReloadAssembly
Symbol file LoadedFromMemory doesn't match image /Users/danielmunoz/Escape-AI/prueba/New Unity Project/Library/PackageCache/com.unity.visualscripting@1.8.0/Editor/VisualScripting.Core/Dependencies/YamlDotNet/Unity.VisualScripting.YamlDotNet.dll
Symbol file LoadedFromMemory doesn't match image /Users/danielmunoz/Escape-AI/prueba/New Unity Project/Library/PackageCache/com.unity.visualscripting@1.8.0/Editor/VisualScripting.Core/Dependencies/DotNetZip/Unity.VisualScripting.IonicZip.dll
Native extension for OSXStandalone target not found
Refreshing native plugins compatible for Editor in 0.27 ms, found 2 plugins.
Preloading 0 native plugins for Editor in 0.00 ms.
Mono: successfully reloaded assembly
- Completed reload, in  0.476 seconds
Domain Reload Profiling:
	ReloadAssembly (476ms)
		BeginReloadAssembly (48ms)
			ExecutionOrderSort (0ms)
			DisableScriptedObjects (3ms)
			BackupInstance (0ms)
			ReleaseScriptingObjects (0ms)
			CreateAndSetChildDomain (9ms)
		EndReloadAssembly (368ms)
			LoadAssemblies (36ms)
			RebuildTransferFunctionScriptingTraits (0ms)
			SetupTypeCache (113ms)
			ReleaseScriptCaches (0ms)
			RebuildScriptCaches (32ms)
			SetupLoadedEditorAssemblies (166ms)
				LogAssemblyErrors (0ms)
				InitializePlatformSupportModulesInManaged (2ms)
				SetLoadedEditorAssemblies (0ms)
				RefreshPlugins (0ms)
				BeforeProcessingInitializeOnLoad (38ms)
				ProcessInitializeOnLoadAttributes (115ms)
				ProcessInitializeOnLoadMethodAttributes (10ms)
				AfterProcessingInitializeOnLoad (1ms)
				EditorAssembliesLoaded (0ms)
			ExecutionOrderSort2 (0ms)
			AwakeInstancesAfterBackupRestoration (2ms)
Platform modules already initialized, skipping
========================================================================
Worker process is ready to serve import requests
Launching external process: /Applications/Unity/Hub/Editor/2021.3.18f1/Unity.app/Contents/Tools/UnityShaderCompiler
Launched and connected shader compiler UnityShaderCompiler after 0.05 seconds
Refreshing native plugins compatible for Editor in 0.28 ms, found 2 plugins.
Preloading 0 native plugins for Editor in 0.00 ms.
Unloading 2918 Unused Serialized files (Serialized files now loaded: 0)
Unloading 21 unused Assets / (296.4 KB). Loaded Objects now: 3381.
Memory consumption went from 97.6 MB to 97.3 MB.
Total: 2.119875 ms (FindLiveObjects: 0.100042 ms CreateObjectMapping: 0.037500 ms MarkObjects: 1.938375 ms  DeleteObjects: 0.043417 ms)

AssetImportParameters requested are different than current active one (requested -> active):
  custom:video-decoder-ogg-theora: a1e56fd34408186e4bbccfd4996cb3dc -> 
  custom:container-muxer-webm: aa71ff27fc2769a1b78a27578f13a17b -> 
  custom:container-demuxer-webm: 4f35f7cbe854078d1ac9338744f61a02 -> 
  custom:video-encoder-webm-vp8: eb34c28f22e8b96e1ab97ce403110664 -> 
  custom:framework-osx-AVFoundation: e770b220cccbd017edd2c1fefb359320 -> 
  custom:audio-encoder-webm-vorbis: bf7c407c2cedff20999df2af8eb42d56 -> 
  custom:container-demuxer-ogg: 62fdf1f143b41e24485cea50d1cbac27 -> 
  custom:video-decoder-webm-vp8: 9c59270c3fd7afecdb556c50c9e8de78 -> 
  custom:audio-decoder-ogg-vorbis: bf7c407c2cedff20999df2af8eb42d56 -> 
========================================================================
Received Import Request.
  Time since last request: 568079.969268 seconds.
  path: Assets/Nokobot/Modern Guns - Handgun/_Prefabs/45ACP Bullet_Casing.prefab
  artifactKey: Guid(4cb20e8abae957146a8b78e670d3fe74) Importer(815301076,1909f56bfc062723c751e8b465ee728b)
Start importing Assets/Nokobot/Modern Guns - Handgun/_Prefabs/45ACP Bullet_Casing.prefab using Guid(4cb20e8abae957146a8b78e670d3fe74) Importer(815301076,1909f56bfc062723c751e8b465ee728b)  -> (artifact id: 'e57db76bebef9941440ef667482c2686') in 0.389713 seconds 
========================================================================
Received Import Request.
  Time since last request: 0.000037 seconds.
  path: Assets/Nokobot/Modern Guns - Handgun/_Prefabs/45ACP Bullet_Head.prefab
  artifactKey: Guid(65c9f6563c561ee4e8905d1e6a32548b) Importer(815301076,1909f56bfc062723c751e8b465ee728b)
Start importing Assets/Nokobot/Modern Guns - Handgun/_Prefabs/45ACP Bullet_Head.prefab using Guid(65c9f6563c561ee4e8905d1e6a32548b) Importer(815301076,1909f56bfc062723c751e8b465ee728b)  -> (artifact id: '66daaf66355d688f25d3a457f06dddce') in 0.006292 seconds 
========================================================================
Received Import Request.
  Time since last request: 24.970630 seconds.
  path: Assets/Nokobot/Modern Guns - Handgun/Effects/MuzzleFlash.prefab
  artifactKey: Guid(3dd9cf2e209c504448f1c4c6835675cf) Importer(815301076,1909f56bfc062723c751e8b465ee728b)
Start importing Assets/Nokobot/Modern Guns - Handgun/Effects/MuzzleFlash.prefab using Guid(3dd9cf2e209c504448f1c4c6835675cf) Importer(815301076,1909f56bfc062723c751e8b465ee728b)  -> (artifact id: 'f6ebc7384fc30ff2afcbf4e8c3a77353') in 0.139999 seconds 
========================================================================
Received Import Request.
  Time since last request: 0.000036 seconds.
  path: Assets/Nokobot/Modern Guns - Handgun/Effects/MuzzleFlash_SpriteSheet.png
  artifactKey: Guid(6fc0c6421525c1844804ab1d17f1adda) Importer(815301076,1909f56bfc062723c751e8b465ee728b)
Start importing Assets/Nokobot/Modern Guns - Handgun/Effects/MuzzleFlash_SpriteSheet.png using Guid(6fc0c6421525c1844804ab1d17f1adda) Importer(815301076,1909f56bfc062723c751e8b465ee728b)  -> (artifact id: 'ad44c1b665cfc0590df710724dc06535') in 0.538089 seconds 
========================================================================
Received Import Request.
  Time since last request: 0.000069 seconds.
  path: Assets/Nokobot/Modern Guns - Handgun/Materials/M1911 Magazine_Black.mat
  artifactKey: Guid(ad4be7b2be81ece4cbe850cfede8b9de) Importer(815301076,1909f56bfc062723c751e8b465ee728b)
Start importing Assets/Nokobot/Modern Guns - Handgun/Materials/M1911 Magazine_Black.mat using Guid(ad4be7b2be81ece4cbe850cfede8b9de) Importer(815301076,1909f56bfc062723c751e8b465ee728b)  -> (artifact id: 'afd1587c97c89a892db93f0864e3aa6c') in 0.284595 seconds 
========================================================================
Received Import Request.
  Time since last request: 0.281167 seconds.
  path: Assets/Nokobot/Modern Guns - Handgun/Meshes/M1911 Handgun.fbx
  artifactKey: Guid(3d87184bf4725b841b26693d2234fffd) Importer(815301076,1909f56bfc062723c751e8b465ee728b)
Start importing Assets/Nokobot/Modern Guns - Handgun/Meshes/M1911 Handgun.fbx using Guid(3d87184bf4725b841b26693d2234fffd) Importer(815301076,1909f56bfc062723c751e8b465ee728b)  -> (artifact id: '7dfea831cae9ec650769b1ce86f20a9f') in 0.641251 seconds 
========================================================================
Received Import Request.
  Time since last request: 0.000033 seconds.
  path: Assets/Nokobot/Modern Guns - Handgun/Textures/M1911_Magazine_Normal.png
  artifactKey: Guid(9700d9e5832c89944afd7ef24f4d919e) Importer(815301076,1909f56bfc062723c751e8b465ee728b)
Start importing Assets/Nokobot/Modern Guns - Handgun/Textures/M1911_Magazine_Normal.png using Guid(9700d9e5832c89944afd7ef24f4d919e) Importer(815301076,1909f56bfc062723c751e8b465ee728b)  -> (artifact id: 'a49729b4f518c0cc57ca91d37af9e7f8') in 0.024528 seconds 
========================================================================
Received Import Request.
  Time since last request: 0.000043 seconds.
  path: Assets/Nokobot/Modern Guns - Handgun/Textures/M1911_Magazine_MetallicSmoothness.png
  artifactKey: Guid(0b3650749f4c1b045bc33f08bb4f2f62) Importer(815301076,1909f56bfc062723c751e8b465ee728b)
Start importing Assets/Nokobot/Modern Guns - Handgun/Textures/M1911_Magazine_MetallicSmoothness.png using Guid(0b3650749f4c1b045bc33f08bb4f2f62) Importer(815301076,1909f56bfc062723c751e8b465ee728b)  -> (artifact id: 'abd6fac609417855cdd60d8ee5493502') in 0.004045 seconds 
========================================================================
Received Import Request.
  Time since last request: 0.000047 seconds.
  path: Assets/Nokobot/Modern Guns - Handgun/Textures/M1911_Magazine_Albedo_Steel.png
  artifactKey: Guid(7714950642003ee488bdddb49dd229e0) Importer(815301076,1909f56bfc062723c751e8b465ee728b)
Start importing Assets/Nokobot/Modern Guns - Handgun/Textures/M1911_Magazine_Albedo_Steel.png using Guid(7714950642003ee488bdddb49dd229e0) Importer(815301076,1909f56bfc062723c751e8b465ee728b)  -> (artifact id: '85ad28faa7e940de1f15d160f80f7ce0') in 0.003883 seconds 
========================================================================
Received Import Request.
  Time since last request: 0.000034 seconds.
  path: Assets/Nokobot/Modern Guns - Handgun/Textures/M1911_Magazine_Albedo_Black.png
  artifactKey: Guid(c11766a3d3e2f124eb11ea77d2d2fd99) Importer(815301076,1909f56bfc062723c751e8b465ee728b)
Start importing Assets/Nokobot/Modern Guns - Handgun/Textures/M1911_Magazine_Albedo_Black.png using Guid(c11766a3d3e2f124eb11ea77d2d2fd99) Importer(815301076,1909f56bfc062723c751e8b465ee728b)  -> (artifact id: '4c22bdf9c4c619d8a4b61250c0b6f465') in 0.003510 seconds 
========================================================================
Received Import Request.
  Time since last request: 0.000044 seconds.
  path: Assets/Nokobot/Modern Guns - Handgun/Textures/45ACP_Bullet_Normal.png
  artifactKey: Guid(df9023114d04044448b061e46927ce9d) Importer(815301076,1909f56bfc062723c751e8b465ee728b)
Start importing Assets/Nokobot/Modern Guns - Handgun/Textures/45ACP_Bullet_Normal.png using Guid(df9023114d04044448b061e46927ce9d) Importer(815301076,1909f56bfc062723c751e8b465ee728b)  -> (artifact id: '956fe697ee41a44baf1f69b5b8079f78') in 0.003697 seconds 
========================================================================
Received Import Request.
  Time since last request: 0.000034 seconds.
  path: Assets/Nokobot/Modern Guns - Handgun/Textures/45ACP_Bullet_Albedo_Silver.png
  artifactKey: Guid(eff506c84ac90d34c81e139f3e96a2ba) Importer(815301076,1909f56bfc062723c751e8b465ee728b)
Start importing Assets/Nokobot/Modern Guns - Handgun/Textures/45ACP_Bullet_Albedo_Silver.png using Guid(eff506c84ac90d34c81e139f3e96a2ba) Importer(815301076,1909f56bfc062723c751e8b465ee728b)  -> (artifact id: 'ff5ad44b84dfbb28ef5ebaac9c51e18c') in 0.003651 seconds 
========================================================================
Received Import Request.
  Time since last request: 0.000061 seconds.
  path: Assets/Nokobot/Modern Guns - Handgun/Textures/M1911_Handgun_Albedo_Black.png
  artifactKey: Guid(d962094b1569b2a488f813051a429e39) Importer(815301076,1909f56bfc062723c751e8b465ee728b)
Start importing Assets/Nokobot/Modern Guns - Handgun/Textures/M1911_Handgun_Albedo_Black.png using Guid(d962094b1569b2a488f813051a429e39) Importer(815301076,1909f56bfc062723c751e8b465ee728b)  -> (artifact id: 'dd35233f307f0e72530da253825231d1') in 0.005879 seconds 
========================================================================
Received Import Request.
  Time since last request: 63.000667 seconds.
  path: Assets/Nokobot/Modern Guns - Handgun/_Prefabs/Handgun Black/M1911 Handgun_Black.prefab
  artifactKey: Guid(87e308cb23eea97419b3c2623d8bb3fa) Importer(815301076,1909f56bfc062723c751e8b465ee728b)
Start importing Assets/Nokobot/Modern Guns - Handgun/_Prefabs/Handgun Black/M1911 Handgun_Black.prefab using Guid(87e308cb23eea97419b3c2623d8bb3fa) Importer(815301076,1909f56bfc062723c751e8b465ee728b)  -> (artifact id: '1d91a64a163fea0c7697cff4b905f465') in 0.033321 seconds 
========================================================================
Received Import Request.
  Time since last request: 0.000045 seconds.
  path: Assets/Nokobot/Modern Guns - Handgun/_Prefabs/Handgun Black/M1911 Magazine_Black.prefab
  artifactKey: Guid(1630d9b67160caa44aad0385aa9bf476) Importer(815301076,1909f56bfc062723c751e8b465ee728b)
Start importing Assets/Nokobot/Modern Guns - Handgun/_Prefabs/Handgun Black/M1911 Magazine_Black.prefab using Guid(1630d9b67160caa44aad0385aa9bf476) Importer(815301076,1909f56bfc062723c751e8b465ee728b)  -> (artifact id: '1e0dd043060f1729dad23e4299bba1a4') in 0.010979 seconds 
========================================================================
Received Import Request.
  Time since last request: 2.493337 seconds.
  path: Assets/Nokobot/Modern Guns - Handgun/_Prefabs/Handgun Silver/M1911 Handgun_Silver.prefab
  artifactKey: Guid(5c59210965ffbcc4093fe99a29edb777) Importer(815301076,1909f56bfc062723c751e8b465ee728b)
Start importing Assets/Nokobot/Modern Guns - Handgun/_Prefabs/Handgun Silver/M1911 Handgun_Silver.prefab using Guid(5c59210965ffbcc4093fe99a29edb777) Importer(815301076,1909f56bfc062723c751e8b465ee728b)  -> (artifact id: 'f31b62de5b5b729687e3fcbffa2425a2') in 0.017029 seconds 
========================================================================
Received Import Request.
  Time since last request: 0.000042 seconds.
  path: Assets/Nokobot/Modern Guns - Handgun/_Prefabs/Handgun Silver/M1911 Magazine_Silver.prefab
  artifactKey: Guid(b5c250cf857e87546bfae19a751f3c92) Importer(815301076,1909f56bfc062723c751e8b465ee728b)
Start importing Assets/Nokobot/Modern Guns - Handgun/_Prefabs/Handgun Silver/M1911 Magazine_Silver.prefab using Guid(b5c250cf857e87546bfae19a751f3c92) Importer(815301076,1909f56bfc062723c751e8b465ee728b)  -> (artifact id: '2ba97dec660ee9a5ae95a00f4a92f8f7') in 0.007599 seconds 
========================================================================
Received Import Request.
  Time since last request: 51.246066 seconds.
  path: Assets/Nokobot/Modern Guns - Handgun/_Prefabs/Base Prefabs/Bullet_Head.prefab
  artifactKey: Guid(9e0ef2cf9cfc11c46bbe7f28b272f6fb) Importer(815301076,1909f56bfc062723c751e8b465ee728b)
Start importing Assets/Nokobot/Modern Guns - Handgun/_Prefabs/Base Prefabs/Bullet_Head.prefab using Guid(9e0ef2cf9cfc11c46bbe7f28b272f6fb) Importer(815301076,1909f56bfc062723c751e8b465ee728b)  -> (artifact id: 'e51089de963176aca3abfb75e9097f97') in 0.003757 seconds 
========================================================================
Received Import Request.
  Time since last request: 0.000112 seconds.
  path: Assets/Nokobot/Modern Guns - Handgun/_Prefabs/Base Prefabs/M1911 Handgun Base.prefab
  artifactKey: Guid(a78a725941312494b930d664f3b315d0) Importer(815301076,1909f56bfc062723c751e8b465ee728b)
Start importing Assets/Nokobot/Modern Guns - Handgun/_Prefabs/Base Prefabs/M1911 Handgun Base.prefab using Guid(a78a725941312494b930d664f3b315d0) Importer(815301076,1909f56bfc062723c751e8b465ee728b)  -> (artifact id: '6b1bab63df7b8952c6258ff5128d7df6') in 0.154653 seconds 
========================================================================
Received Prepare
Registering precompiled user dll's ...
Registered in 0.001033 seconds.
Begin MonoManager ReloadAssembly
Thread 0x28879f000 may have been prematurely finalized
Symbol file LoadedFromMemory doesn't match image /Users/danielmunoz/Escape-AI/prueba/New Unity Project/Library/PackageCache/com.unity.visualscripting@1.8.0/Editor/VisualScripting.Core/Dependencies/YamlDotNet/Unity.VisualScripting.YamlDotNet.dll
Symbol file LoadedFromMemory doesn't match image /Users/danielmunoz/Escape-AI/prueba/New Unity Project/Library/PackageCache/com.unity.visualscripting@1.8.0/Editor/VisualScripting.Core/Dependencies/DotNetZip/Unity.VisualScripting.IonicZip.dll
Native extension for OSXStandalone target not found
Refreshing native plugins compatible for Editor in 0.28 ms, found 2 plugins.
Preloading 0 native plugins for Editor in 0.00 ms.
Mono: successfully reloaded assembly
- Completed reload, in  0.498 seconds
Domain Reload Profiling:
	ReloadAssembly (498ms)
		BeginReloadAssembly (108ms)
			ExecutionOrderSort (0ms)
			DisableScriptedObjects (3ms)
			BackupInstance (0ms)
			ReleaseScriptingObjects (0ms)
			CreateAndSetChildDomain (53ms)
		EndReloadAssembly (336ms)
			LoadAssemblies (42ms)
			RebuildTransferFunctionScriptingTraits (0ms)
			SetupTypeCache (115ms)
			ReleaseScriptCaches (1ms)
			RebuildScriptCaches (23ms)
			SetupLoadedEditorAssemblies (143ms)
				LogAssemblyErrors (0ms)
				InitializePlatformSupportModulesInManaged (5ms)
				SetLoadedEditorAssemblies (0ms)
				RefreshPlugins (0ms)
				BeforeProcessingInitializeOnLoad (27ms)
				ProcessInitializeOnLoadAttributes (100ms)
				ProcessInitializeOnLoadMethodAttributes (9ms)
				AfterProcessingInitializeOnLoad (1ms)
				EditorAssembliesLoaded (0ms)
			ExecutionOrderSort2 (0ms)
			AwakeInstancesAfterBackupRestoration (2ms)
Platform modules already initialized, skipping
Refreshing native plugins compatible for Editor in 0.62 ms, found 2 plugins.
Preloading 0 native plugins for Editor in 0.00 ms.
Unloading 2912 Unused Serialized files (Serialized files now loaded: 0)
Unloading 18 unused Assets / (42.4 KB). Loaded Objects now: 3434.
Memory consumption went from 117.0 MB to 117.0 MB.
Total: 2.278792 ms (FindLiveObjects: 0.113500 ms CreateObjectMapping: 0.047625 ms MarkObjects: 2.067708 ms  DeleteObjects: 0.049333 ms)

AssetImportParameters requested are different than current active one (requested -> active):
  custom:video-decoder-ogg-theora: a1e56fd34408186e4bbccfd4996cb3dc -> 
  custom:container-muxer-webm: aa71ff27fc2769a1b78a27578f13a17b -> 
  custom:container-demuxer-webm: 4f35f7cbe854078d1ac9338744f61a02 -> 
  custom:video-encoder-webm-vp8: eb34c28f22e8b96e1ab97ce403110664 -> 
  custom:framework-osx-AVFoundation: e770b220cccbd017edd2c1fefb359320 -> 
  custom:audio-encoder-webm-vorbis: bf7c407c2cedff20999df2af8eb42d56 -> 
  custom:container-demuxer-ogg: 62fdf1f143b41e24485cea50d1cbac27 -> 
  custom:video-decoder-webm-vp8: 9c59270c3fd7afecdb556c50c9e8de78 -> 
  custom:audio-decoder-ogg-vorbis: bf7c407c2cedff20999df2af8eb42d56 -> 
========================================================================
Received Prepare
Registering precompiled user dll's ...
Registered in 0.001433 seconds.
Begin MonoManager ReloadAssembly
Thread 0x16e1eb000 may have been prematurely finalized
Symbol file LoadedFromMemory doesn't match image /Users/danielmunoz/Escape-AI/prueba/New Unity Project/Library/PackageCache/com.unity.visualscripting@1.8.0/Editor/VisualScripting.Core/Dependencies/YamlDotNet/Unity.VisualScripting.YamlDotNet.dll
Symbol file LoadedFromMemory doesn't match image /Users/danielmunoz/Escape-AI/prueba/New Unity Project/Library/PackageCache/com.unity.visualscripting@1.8.0/Editor/VisualScripting.Core/Dependencies/DotNetZip/Unity.VisualScripting.IonicZip.dll
Native extension for OSXStandalone target not found
Refreshing native plugins compatible for Editor in 0.30 ms, found 2 plugins.
Preloading 0 native plugins for Editor in 0.00 ms.
Mono: successfully reloaded assembly
- Completed reload, in  0.456 seconds
Domain Reload Profiling:
	ReloadAssembly (457ms)
		BeginReloadAssembly (61ms)
			ExecutionOrderSort (0ms)
			DisableScriptedObjects (3ms)
			BackupInstance (0ms)
			ReleaseScriptingObjects (0ms)
			CreateAndSetChildDomain (17ms)
		EndReloadAssembly (342ms)
			LoadAssemblies (29ms)
			RebuildTransferFunctionScriptingTraits (0ms)
			SetupTypeCache (121ms)
			ReleaseScriptCaches (1ms)
			RebuildScriptCaches (27ms)
			SetupLoadedEditorAssemblies (141ms)
				LogAssemblyErrors (0ms)
				InitializePlatformSupportModulesInManaged (4ms)
				SetLoadedEditorAssemblies (0ms)
				RefreshPlugins (0ms)
				BeforeProcessingInitializeOnLoad (28ms)
				ProcessInitializeOnLoadAttributes (98ms)
				ProcessInitializeOnLoadMethodAttributes (10ms)
				AfterProcessingInitializeOnLoad (1ms)
				EditorAssembliesLoaded (0ms)
			ExecutionOrderSort2 (0ms)
			AwakeInstancesAfterBackupRestoration (2ms)
Platform modules already initialized, skipping
Refreshing native plugins compatible for Editor in 0.64 ms, found 2 plugins.
Preloading 0 native plugins for Editor in 0.00 ms.
Unloading 2912 Unused Serialized files (Serialized files now loaded: 0)
Unloading 14 unused Assets / (21.9 KB). Loaded Objects now: 3437.
Memory consumption went from 117.0 MB to 116.9 MB.
Total: 2.055000 ms (FindLiveObjects: 0.101000 ms CreateObjectMapping: 0.035250 ms MarkObjects: 1.902375 ms  DeleteObjects: 0.015917 ms)

AssetImportParameters requested are different than current active one (requested -> active):
  custom:video-decoder-ogg-theora: a1e56fd34408186e4bbccfd4996cb3dc -> 
  custom:container-muxer-webm: aa71ff27fc2769a1b78a27578f13a17b -> 
  custom:container-demuxer-webm: 4f35f7cbe854078d1ac9338744f61a02 -> 
  custom:video-encoder-webm-vp8: eb34c28f22e8b96e1ab97ce403110664 -> 
  custom:framework-osx-AVFoundation: e770b220cccbd017edd2c1fefb359320 -> 
  custom:audio-encoder-webm-vorbis: bf7c407c2cedff20999df2af8eb42d56 -> 
  custom:container-demuxer-ogg: 62fdf1f143b41e24485cea50d1cbac27 -> 
  custom:video-decoder-webm-vp8: 9c59270c3fd7afecdb556c50c9e8de78 -> 
  custom:audio-decoder-ogg-vorbis: bf7c407c2cedff20999df2af8eb42d56 -> 
